#
# A fatal error has been detected by the Java Runtime Environment:
#
#  SIGSEGV (0xb) at pc=0x00007fd41274015b, pid=7985, tid=7987
#
# JRE version: OpenJDK Runtime Environment 18.9 (11.0.14.1+1) (build 11.0.14.1+1)
# Java VM: OpenJDK 64-Bit Server VM 18.9 (11.0.14.1+1, mixed mode, sharing, tiered, compressed oops, g1 gc, linux-amd64)
# Problematic frame:
# C  [libjimage.so+0x315b]  ImageStrings::find(Endian*, char const*, int*, unsigned int)+0x6b
#
# Core dump will be written. Default location: Core dumps may be processed with "/usr/lib/systemd/systemd-coredump %P %u %g %s %t %c %h" (or dumping to /home/sithmin/Music/Java/wk3/core.7985)
#
# If you would like to submit a bug report, please visit:
#   https://bugzilla.redhat.com/enter_bug.cgi?product=Fedora&component=java-11-openjdk&version=35
#

---------------  S U M M A R Y ------------

Command Line: -agentlib:jdwp=transport=dt_socket,server=n,suspend=y,address=localhost:44557 lk.sample.wk3.Wk3Application

Host: Intel(R) Core(TM) i3-1005G1 CPU @ 1.20GHz, 4 cores, 3G, Fedora release 35 (Thirty Five)
Time: Mon Feb 28 17:53:41 2022 +0530 elapsed time: 3.218595 seconds (0d 0h 0m 3s)

---------------  T H R E A D  ---------------

Current thread (0x00007fd40c017000):  JavaThread "main" [_thread_in_vm, id=7987, stack(0x00007fd410dca000,0x00007fd410eca000)]

Stack: [0x00007fd410dca000,0x00007fd410eca000],  sp=0x00007fd410ec6150,  free space=1008k
Native frames: (J=compiled Java code, A=aot compiled Java code, j=interpreted, Vv=VM code, C=native code)
C  [libjimage.so+0x315b]  ImageStrings::find(Endian*, char const*, int*, unsigned int)+0x6b
C  [libjimage.so+0x3f01]  ImageFileReader::find_location_index(char const*, unsigned long long*) const+0x51
C  [libjimage.so+0x44a2]  JIMAGE_FindResource+0x112
V  [libjvm.so+0x609727]